sample/build/intermediates/manifest_merge_blame_file/debug/manifest-merger-blame-debug-report.txt
1<?xml version="1.0" encoding="utf-8"?>
2<manifest xmlns:android="http://schemas.android.com/apk/res/android"
3    package="com.sage.project"
4    android:versionCode="1"
5    android:versionName="1.0" >
6
7    <uses-sdk
8        android:minSdkVersion="24"
8-->src\main\AndroidManifest.xml
9        android:targetSdkVersion="29" />
9-->src\main\AndroidManifest.xml
10
11    <uses-permission android:name="android.permission.RECORD_AUDIO" />
11-->[:camerarecorder] AndroidManifest.xml:9:5-71
11-->[:camerarecorder] AndroidManifest.xml:9:22-68
12    <uses-permission android:name="android.permission.READ_EXTERNAL_STORAGE" />
12-->[:camerarecorder] AndroidManifest.xml:10:5-80
12-->[:camerarecorder] AndroidManifest.xml:10:22-77
13    <uses-permission android:name="android.permission.INTERNET" />
13-->[:camerarecorder] AndroidManifest.xml:11:5-67
13-->[:camerarecorder] AndroidManifest.xml:11:22-64
14    <uses-permission android:name="android.permission.ACCESS_NETWORK_STATE" />
14-->[:camerarecorder] AndroidManifest.xml:12:5-79
14-->[:camerarecorder] AndroidManifest.xml:12:22-76
15
16    <uses-feature android:name="android.hardware.camera" />
16-->[:camerarecorder] AndroidManifest.xml:14:5-60
16-->[:camerarecorder] AndroidManifest.xml:14:19-57
17    <uses-feature android:name="android.hardware.camera.autofocus" />
17-->[:camerarecorder] AndroidManifest.xml:15:5-70
17-->[:camerarecorder] AndroidManifest.xml:15:19-67
18
19    <uses-permission android:name="android.permission.CAMERA" />
19-->[:camerarecorder] AndroidManifest.xml:17:5-65
19-->[:camerarecorder] AndroidManifest.xml:17:22-62
20    <uses-permission android:name="android.permission.WRITE_EXTERNAL_STORAGE" />
20-->[:camerarecorder] AndroidManifest.xml:18:5-81
20-->[:camerarecorder] AndroidManifest.xml:18:22-78
21    <uses-permission android:name="android.permission.RECORD_AUDIO" />
21-->[:camerarecorder] AndroidManifest.xml:9:5-71
21-->[:camerarecorder] AndroidManifest.xml:9:22-68
22    <uses-permission android:name="android.permission.WAKE_LOCK" /> <!-- Required by older versions of Google Play services to create IID tokens -->
22-->[com.google.firebase:firebase-iid:21.0.1] AndroidManifest.xml:24:5-68
22-->[com.google.firebase:firebase-iid:21.0.1] AndroidManifest.xml:24:22-65
23    <uses-permission android:name="com.google.android.c2dm.permission.RECEIVE" />
23-->[com.google.firebase:firebase-iid:21.0.1] AndroidManifest.xml:26:5-82
23-->[com.google.firebase:firebase-iid:21.0.1] AndroidManifest.xml:26:22-79
24
25    <application
25-->src\main\AndroidManifest.xml:4:5-20:19
26        android:name="com.daasuu.camerarecorder.App"
26-->src\main\AndroidManifest.xml:5:9-53
27        android:allowBackup="true"
27-->src\main\AndroidManifest.xml:6:9-35
28        android:appComponentFactory="androidx.core.app.CoreComponentFactory"
28-->[androidx.core:core:1.5.0] AndroidManifest.xml:24:18-86
29        android:debuggable="true"
30        android:extractNativeLibs="false"
31        android:icon="@mipmap/ic_launcher"
31-->src\main\AndroidManifest.xml:7:9-43
32        android:label="@string/app_name"
32-->src\main\AndroidManifest.xml:8:9-41
33        android:roundIcon="@mipmap/ic_launcher_round"
33-->src\main\AndroidManifest.xml:9:9-54
34        android:supportsRtl="true"
34-->src\main\AndroidManifest.xml:10:9-35
35        android:theme="@style/AppTheme" >
35-->src\main\AndroidManifest.xml:11:9-40
36        <activity
36-->src\main\AndroidManifest.xml:12:9-19:20
37            android:name="com.daasuu.sample.MainActivity"
37-->src\main\AndroidManifest.xml:13:13-58
38            android:screenOrientation="portrait" >
38-->src\main\AndroidManifest.xml:14:13-49
39            <intent-filter>
39-->src\main\AndroidManifest.xml:15:13-18:29
40                <action android:name="android.intent.action.MAIN" />
40-->src\main\AndroidManifest.xml:16:17-69
40-->src\main\AndroidManifest.xml:16:25-66
41
42                <category android:name="android.intent.category.LAUNCHER" />
42-->src\main\AndroidManifest.xml:17:17-77
42-->src\main\AndroidManifest.xml:17:27-74
43            </intent-filter>
44        </activity>
45        <activity
45-->[:camerarecorder] AndroidManifest.xml:26:9-28:52
46            android:name="com.daasuu.camerarecorder.ui.activity.VideoRecyclerActivity"
46-->[:camerarecorder] AndroidManifest.xml:27:13-87
47            android:screenOrientation="portrait" />
47-->[:camerarecorder] AndroidManifest.xml:28:13-49
48        <activity
48-->[:camerarecorder] AndroidManifest.xml:29:9-31:52
49            android:name="com.daasuu.camerarecorder.EntryActivity"
49-->[:camerarecorder] AndroidManifest.xml:30:13-67
50            android:screenOrientation="portrait" />
50-->[:camerarecorder] AndroidManifest.xml:31:13-49
51        <activity
51-->[:camerarecorder] AndroidManifest.xml:32:9-34:52
52            android:name="com.daasuu.camerarecorder.FirstEntryActivity"
52-->[:camerarecorder] AndroidManifest.xml:33:13-72
53            android:screenOrientation="portrait" />
53-->[:camerarecorder] AndroidManifest.xml:34:13-49
54        <activity
54-->[:camerarecorder] AndroidManifest.xml:35:9-37:52
55            android:name="com.daasuu.camerarecorder.VideoProcessActivity"
55-->[:camerarecorder] AndroidManifest.xml:36:13-74
56            android:screenOrientation="portrait" />
56-->[:camerarecorder] AndroidManifest.xml:37:13-49
57        <activity
57-->[:camerarecorder] AndroidManifest.xml:38:9-40:52
58            android:name="com.daasuu.camerarecorder.ZoomVideoActivity"
58-->[:camerarecorder] AndroidManifest.xml:39:13-71
59            android:screenOrientation="portrait" />
59-->[:camerarecorder] AndroidManifest.xml:40:13-49
60        <activity
60-->[:camerarecorder] AndroidManifest.xml:41:9-43:52
61            android:name="com.daasuu.camerarecorder.ZoomMultiActivity"
61-->[:camerarecorder] AndroidManifest.xml:42:13-71
62            android:screenOrientation="portrait" />
62-->[:camerarecorder] AndroidManifest.xml:43:13-49
63        <activity
63-->[:camerarecorder] AndroidManifest.xml:44:9-46:52
64            android:name="com.daasuu.camerarecorder.StoryVideoActivity"
64-->[:camerarecorder] AndroidManifest.xml:45:13-72
65            android:screenOrientation="portrait" />
65-->[:camerarecorder] AndroidManifest.xml:46:13-49
66        <activity
66-->[:camerarecorder] AndroidManifest.xml:47:9-50:66
67            android:name="com.daasuu.camerarecorder.AddGiffOnVideoActivity"
67-->[:camerarecorder] AndroidManifest.xml:48:13-76
68            android:screenOrientation="portrait"
68-->[:camerarecorder] AndroidManifest.xml:49:13-49
69            android:theme="@style/Theme.AppCompat.Transaprent" />
69-->[:camerarecorder] AndroidManifest.xml:50:13-63
70        <activity
70-->[:camerarecorder] AndroidManifest.xml:51:9-53:52
71            android:name="com.daasuu.camerarecorder.BaseCameraActivity"
71-->[:camerarecorder] AndroidManifest.xml:52:13-72
72            android:screenOrientation="portrait" />
72-->[:camerarecorder] AndroidManifest.xml:53:13-49
73        <activity
73-->[:camerarecorder] AndroidManifest.xml:54:9-56:52
74            android:name="com.daasuu.camerarecorder.CommentActivity"
74-->[:camerarecorder] AndroidManifest.xml:55:13-69
75            android:screenOrientation="portrait" />
75-->[:camerarecorder] AndroidManifest.xml:56:13-49
76        <activity
76-->[:camerarecorder] AndroidManifest.xml:57:9-59:52
77            android:name="com.daasuu.camerarecorder.ZoomActivity"
77-->[:camerarecorder] AndroidManifest.xml:58:13-66
78            android:screenOrientation="portrait" />
78-->[:camerarecorder] AndroidManifest.xml:59:13-49
79        <activity
79-->[:camerarecorder] AndroidManifest.xml:60:9-62:52
80            android:name="com.daasuu.camerarecorder.CollageActivity"
80-->[:camerarecorder] AndroidManifest.xml:61:13-69
81            android:screenOrientation="portrait" />
81-->[:camerarecorder] AndroidManifest.xml:62:13-49
82        <activity
82-->[:camerarecorder] AndroidManifest.xml:63:9-65:52
83            android:name="com.daasuu.camerarecorder.StatusOptionsActivity"
83-->[:camerarecorder] AndroidManifest.xml:64:13-75
84            android:screenOrientation="portrait" />
84-->[:camerarecorder] AndroidManifest.xml:65:13-49
85        <activity
85-->[:camerarecorder] AndroidManifest.xml:66:9-68:52
86            android:name="com.daasuu.camerarecorder.ProfileCropper"
86-->[:camerarecorder] AndroidManifest.xml:67:13-68
87            android:screenOrientation="portrait" />
87-->[:camerarecorder] AndroidManifest.xml:68:13-49
88        <activity
88-->[:camerarecorder] AndroidManifest.xml:69:9-72:66
89            android:name="com.daasuu.camerarecorder.CustomDateActivity"
89-->[:camerarecorder] AndroidManifest.xml:70:13-72
90            android:screenOrientation="portrait"
90-->[:camerarecorder] AndroidManifest.xml:71:13-49
91            android:theme="@style/Theme.AppCompat.Transaprent" />
91-->[:camerarecorder] AndroidManifest.xml:72:13-63
92        <activity
92-->[:camerarecorder] AndroidManifest.xml:73:9-76:65
93            android:name="com.daasuu.camerarecorder.FastAndSlowVideoMotionActivity"
93-->[:camerarecorder] AndroidManifest.xml:74:13-84
94            android:screenOrientation="portrait"
94-->[:camerarecorder] AndroidManifest.xml:75:13-49
95            android:theme="@style/Theme.AppCompat.SelfLucent" />
95-->[:camerarecorder] AndroidManifest.xml:76:13-62
96        <activity
96-->[:camerarecorder] AndroidManifest.xml:77:9-80:66
97            android:name="com.daasuu.camerarecorder.SearchGiffActivity"
97-->[:camerarecorder] AndroidManifest.xml:78:13-72
98            android:screenOrientation="portrait"
98-->[:camerarecorder] AndroidManifest.xml:79:13-49
99            android:theme="@style/Theme.AppCompat.Transaprent" />
99-->[:camerarecorder] AndroidManifest.xml:80:13-63
100        <activity
100-->[:camerarecorder] AndroidManifest.xml:81:9-85:55
101            android:name="com.daasuu.camerarecorder.UpdateProfileActivity"
101-->[:camerarecorder] AndroidManifest.xml:82:13-75
102            android:screenOrientation="portrait"
102-->[:camerarecorder] AndroidManifest.xml:83:13-49
103            android:theme="@style/Theme.AppCompat.Transaprent"
103-->[:camerarecorder] AndroidManifest.xml:84:13-63
104            android:windowSoftInputMode="adjustPan" />
104-->[:camerarecorder] AndroidManifest.xml:85:13-52
105        <activity
105-->[:camerarecorder] AndroidManifest.xml:86:9-88:52
106            android:name="com.daasuu.camerarecorder.AddCommentActivity"
106-->[:camerarecorder] AndroidManifest.xml:87:13-72
107            android:screenOrientation="portrait" />
107-->[:camerarecorder] AndroidManifest.xml:88:13-49
108        <activity
108-->[:camerarecorder] AndroidManifest.xml:89:9-91:52
109            android:name="com.daasuu.camerarecorder.CombineImagesActivity"
109-->[:camerarecorder] AndroidManifest.xml:90:13-75
110            android:screenOrientation="portrait" />
110-->[:camerarecorder] AndroidManifest.xml:91:13-49
111        <activity
111-->[:camerarecorder] AndroidManifest.xml:92:9-94:52
112            android:name="com.daasuu.camerarecorder.ExtractAudioActivity"
112-->[:camerarecorder] AndroidManifest.xml:93:13-74
113            android:screenOrientation="portrait" />
113-->[:camerarecorder] AndroidManifest.xml:94:13-49
114        <activity
114-->[:camerarecorder] AndroidManifest.xml:95:9-98:66
115            android:name="com.daasuu.camerarecorder.ShowUpdateActivity"
115-->[:camerarecorder] AndroidManifest.xml:96:13-72
116            android:screenOrientation="portrait"
116-->[:camerarecorder] AndroidManifest.xml:97:13-49
117            android:theme="@style/Theme.AppCompat.Transaprent" />
117-->[:camerarecorder] AndroidManifest.xml:98:13-63
118        <activity
118-->[:camerarecorder] AndroidManifest.xml:99:9-102:65
119            android:name="com.daasuu.camerarecorder.AddTextOnVideoActivity"
119-->[:camerarecorder] AndroidManifest.xml:100:13-76
120            android:screenOrientation="portrait"
120-->[:camerarecorder] AndroidManifest.xml:101:13-49
121            android:theme="@style/Theme.AppCompat.SelfLucent" />
121-->[:camerarecorder] AndroidManifest.xml:102:13-62
122        <activity
122-->[:camerarecorder] AndroidManifest.xml:103:9-106:65
123            android:name="com.daasuu.camerarecorder.ReverseVideoActivity"
123-->[:camerarecorder] AndroidManifest.xml:104:13-74
124            android:screenOrientation="portrait"
124-->[:camerarecorder] AndroidManifest.xml:105:13-49
125            android:theme="@style/Theme.AppCompat.SelfLucent" />
125-->[:camerarecorder] AndroidManifest.xml:106:13-62
126        <activity
126-->[:camerarecorder] AndroidManifest.xml:107:9-109:52
127            android:name="com.daasuu.camerarecorder.MergeImageAndMP3Activity"
127-->[:camerarecorder] AndroidManifest.xml:108:13-78
128            android:screenOrientation="portrait" />
128-->[:camerarecorder] AndroidManifest.xml:109:13-49
129        <activity
129-->[:camerarecorder] AndroidManifest.xml:110:9-113:66
130            android:name="com.daasuu.camerarecorder.LikeActivity"
130-->[:camerarecorder] AndroidManifest.xml:111:13-66
131            android:screenOrientation="portrait"
131-->[:camerarecorder] AndroidManifest.xml:112:13-49
132            android:theme="@style/Theme.AppCompat.Transaprent" />
132-->[:camerarecorder] AndroidManifest.xml:113:13-63
133        <activity
133-->[:camerarecorder] AndroidManifest.xml:114:9-117:66
134            android:name="com.daasuu.camerarecorder.LikeActivity2"
134-->[:camerarecorder] AndroidManifest.xml:115:13-67
135            android:screenOrientation="portrait"
135-->[:camerarecorder] AndroidManifest.xml:116:13-49
136            android:theme="@style/Theme.AppCompat.Transaprent" />
136-->[:camerarecorder] AndroidManifest.xml:117:13-63
137        <activity
137-->[:camerarecorder] AndroidManifest.xml:118:9-121:66
138            android:name="com.daasuu.camerarecorder.PopupMenuAcitivty"
138-->[:camerarecorder] AndroidManifest.xml:119:13-71
139            android:screenOrientation="portrait"
139-->[:camerarecorder] AndroidManifest.xml:120:13-49
140            android:theme="@style/Theme.AppCompat.Transaprent" />
140-->[:camerarecorder] AndroidManifest.xml:121:13-63
141        <activity
141-->[:camerarecorder] AndroidManifest.xml:122:9-124:52
142            android:name="com.daasuu.camerarecorder.MessageActivity"
142-->[:camerarecorder] AndroidManifest.xml:123:13-69
143            android:screenOrientation="portrait" />
143-->[:camerarecorder] AndroidManifest.xml:124:13-49
144        <activity
144-->[:camerarecorder] AndroidManifest.xml:125:9-128:65
145            android:name="com.daasuu.camerarecorder.AddWaterMarkOnVideoActivity"
145-->[:camerarecorder] AndroidManifest.xml:126:13-81
146            android:screenOrientation="portrait"
146-->[:camerarecorder] AndroidManifest.xml:127:13-49
147            android:theme="@style/Theme.AppCompat.SelfLucent" />
147-->[:camerarecorder] AndroidManifest.xml:128:13-62
148        <activity
148-->[:camerarecorder] AndroidManifest.xml:129:9-132:65
149            android:name="com.daasuu.camerarecorder.SpeechManipulatorActivity"
149-->[:camerarecorder] AndroidManifest.xml:130:13-79
150            android:screenOrientation="portrait"
150-->[:camerarecorder] AndroidManifest.xml:131:13-49
151            android:theme="@style/Theme.AppCompat.SelfLucent" />
151-->[:camerarecorder] AndroidManifest.xml:132:13-62
152        <activity
152-->[:camerarecorder] AndroidManifest.xml:133:9-135:52
153            android:name="com.daasuu.camerarecorder.CombineVideosActivity"
153-->[:camerarecorder] AndroidManifest.xml:134:13-75
154            android:screenOrientation="portrait" />
154-->[:camerarecorder] AndroidManifest.xml:135:13-49
155        <activity
155-->[:camerarecorder] AndroidManifest.xml:136:9-138:52
156            android:name="com.daasuu.camerarecorder.IntroActivity"
156-->[:camerarecorder] AndroidManifest.xml:137:13-67
157            android:screenOrientation="portrait" />
157-->[:camerarecorder] AndroidManifest.xml:138:13-49
158        <activity
158-->[:camerarecorder] AndroidManifest.xml:139:9-141:52
159            android:name="com.daasuu.camerarecorder.CombineImageAndVideoActivity"
159-->[:camerarecorder] AndroidManifest.xml:140:13-82
160            android:screenOrientation="portrait" />
160-->[:camerarecorder] AndroidManifest.xml:141:13-49
161        <activity
161-->[:camerarecorder] AndroidManifest.xml:142:9-145:65
162            android:name="com.daasuu.camerarecorder.MergeAudioVideoActivity"
162-->[:camerarecorder] AndroidManifest.xml:143:13-77
163            android:screenOrientation="portrait"
163-->[:camerarecorder] AndroidManifest.xml:144:13-49
164            android:theme="@style/Theme.AppCompat.SelfLucent" />
164-->[:camerarecorder] AndroidManifest.xml:145:13-62
165        <activity
165-->[:camerarecorder] AndroidManifest.xml:146:9-148:52
166            android:name="com.daasuu.camerarecorder.RemoveAudioFromVideoActivity"
166-->[:camerarecorder] AndroidManifest.xml:147:13-82
167            android:screenOrientation="portrait" />
167-->[:camerarecorder] AndroidManifest.xml:148:13-49
168        <activity
168-->[:camerarecorder] AndroidManifest.xml:149:9-151:52
169            android:name="com.daasuu.camerarecorder.ImageToVideoConvertActivity"
169-->[:camerarecorder] AndroidManifest.xml:150:13-81
170            android:screenOrientation="portrait" />
170-->[:camerarecorder] AndroidManifest.xml:151:13-49
171        <activity
171-->[:camerarecorder] AndroidManifest.xml:152:9-154:52
172            android:name="com.daasuu.camerarecorder.VideoRotateFlipActivity"
172-->[:camerarecorder] AndroidManifest.xml:153:13-77
173            android:screenOrientation="portrait" />
173-->[:camerarecorder] AndroidManifest.xml:154:13-49
174        <activity
174-->[:camerarecorder] AndroidManifest.xml:155:9-157:52
175            android:name="com.daasuu.camerarecorder.CutVideoUsingTimeActivity"
175-->[:camerarecorder] AndroidManifest.xml:156:13-79
176            android:screenOrientation="portrait" />
176-->[:camerarecorder] AndroidManifest.xml:157:13-49
177        <activity
177-->[:camerarecorder] AndroidManifest.xml:158:9-160:52
178            android:name="com.daasuu.camerarecorder.VideoToGifActivity"
178-->[:camerarecorder] AndroidManifest.xml:159:13-72
179            android:screenOrientation="portrait" />
179-->[:camerarecorder] AndroidManifest.xml:160:13-49
180        <activity
180-->[:camerarecorder] AndroidManifest.xml:161:9-163:52
181            android:name="com.daasuu.camerarecorder.ExtraOptionsActivity"
181-->[:camerarecorder] AndroidManifest.xml:162:13-74
182            android:screenOrientation="portrait" />
182-->[:camerarecorder] AndroidManifest.xml:163:13-49
183        <activity
183-->[:camerarecorder] AndroidManifest.xml:164:9-166:52
184            android:name="com.daasuu.camerarecorder.OptionsList"
184-->[:camerarecorder] AndroidManifest.xml:165:13-65
185            android:screenOrientation="portrait" />
185-->[:camerarecorder] AndroidManifest.xml:166:13-49
186        <activity
186-->[:camerarecorder] AndroidManifest.xml:167:9-169:52
187            android:name="com.daasuu.camerarecorder.TrimMainActivity"
187-->[:camerarecorder] AndroidManifest.xml:168:13-70
188            android:screenOrientation="portrait" />
188-->[:camerarecorder] AndroidManifest.xml:169:13-49
189        <activity
189-->[:camerarecorder] AndroidManifest.xml:170:9-172:52
190            android:name="com.daasuu.camerarecorder.ProcessActivity"
190-->[:camerarecorder] AndroidManifest.xml:171:13-69
191            android:screenOrientation="portrait" />
191-->[:camerarecorder] AndroidManifest.xml:172:13-49
192        <activity
192-->[:camerarecorder] AndroidManifest.xml:173:9-175:52
193            android:name="com.daasuu.camerarecorder.MainFrameActivity"
193-->[:camerarecorder] AndroidManifest.xml:174:13-71
194            android:screenOrientation="portrait" />
194-->[:camerarecorder] AndroidManifest.xml:175:13-49
195        <activity
195-->[:camerarecorder] AndroidManifest.xml:176:9-178:52
196            android:name="com.daasuu.camerarecorder.PlaygroundActivity"
196-->[:camerarecorder] AndroidManifest.xml:177:13-72
197            android:screenOrientation="portrait" />
197-->[:camerarecorder] AndroidManifest.xml:178:13-49
198        <activity
198-->[:camerarecorder] AndroidManifest.xml:179:9-181:52
199            android:name="com.daasuu.camerarecorder.TrimmerActivity"
199-->[:camerarecorder] AndroidManifest.xml:180:13-69
200            android:screenOrientation="portrait" />
200-->[:camerarecorder] AndroidManifest.xml:181:13-49
201        <activity
201-->[:camerarecorder] AndroidManifest.xml:182:9-184:52
202            android:name="com.daasuu.camerarecorder.VoiceRecorderActivity"
202-->[:camerarecorder] AndroidManifest.xml:183:13-75
203            android:screenOrientation="portrait" />
203-->[:camerarecorder] AndroidManifest.xml:184:13-49
204
205        <meta-data
205-->[:camerarecorder] AndroidManifest.xml:186:9-188:57
206            android:name="preloaded_fonts"
206-->[:camerarecorder] AndroidManifest.xml:187:13-43
207            android:resource="@array/preloaded_fonts" />
207-->[:camerarecorder] AndroidManifest.xml:188:13-54
208
209        <uses-library
209-->[com.giphy.sdk:ui:2.1.6] AndroidManifest.xml:13:9-15:40
210            android:name="android.test.runner"
210-->[com.giphy.sdk:ui:2.1.6] AndroidManifest.xml:14:13-47
211            android:required="false" />
211-->[com.giphy.sdk:ui:2.1.6] AndroidManifest.xml:15:13-37
212        <uses-library
212-->[com.giphy.sdk:ui:2.1.6] AndroidManifest.xml:16:9-18:40
213            android:name="android.test.base"
213-->[com.giphy.sdk:ui:2.1.6] AndroidManifest.xml:17:13-45
214            android:required="false" />
214-->[com.giphy.sdk:ui:2.1.6] AndroidManifest.xml:18:13-37
215        <uses-library
215-->[com.giphy.sdk:ui:2.1.6] AndroidManifest.xml:19:9-21:40
216            android:name="android.test.mock"
216-->[com.giphy.sdk:ui:2.1.6] AndroidManifest.xml:20:13-45
217            android:required="false" />
217-->[com.giphy.sdk:ui:2.1.6] AndroidManifest.xml:21:13-37
218
219        <provider
219-->[com.github.jaiselrahman:FilePicker:1.3.2] AndroidManifest.xml:14:9-22:20
220            android:name="com.jaiselrahman.filepicker.utils.FilePickerProvider"
220-->[com.github.jaiselrahman:FilePicker:1.3.2] AndroidManifest.xml:15:13-80
221            android:authorities="com.sage.project.filepicker.provider"
221-->[com.github.jaiselrahman:FilePicker:1.3.2] AndroidManifest.xml:16:13-71
222            android:exported="false"
222-->[com.github.jaiselrahman:FilePicker:1.3.2] AndroidManifest.xml:17:13-37
223            android:grantUriPermissions="true" >
223-->[com.github.jaiselrahman:FilePicker:1.3.2] AndroidManifest.xml:18:13-47
224            <meta-data
224-->[com.github.jaiselrahman:FilePicker:1.3.2] AndroidManifest.xml:19:13-21:86
225                android:name="android.support.FILE_PROVIDER_PATHS"
225-->[com.github.jaiselrahman:FilePicker:1.3.2] AndroidManifest.xml:20:17-67
226                android:resource="@xml/com_jaiselrahman_filepicker_provider_paths" />
226-->[com.github.jaiselrahman:FilePicker:1.3.2] AndroidManifest.xml:21:17-83
227        </provider>
228
229        <activity
229-->[com.github.jaiselrahman:FilePicker:1.3.2] AndroidManifest.xml:24:9-26:59
230            android:name="com.jaiselrahman.filepicker.activity.FilePickerActivity"
230-->[com.github.jaiselrahman:FilePicker:1.3.2] AndroidManifest.xml:25:13-83
231            android:theme="@style/AppTheme.NoActionBar" />
231-->[com.github.jaiselrahman:FilePicker:1.3.2] AndroidManifest.xml:26:13-56
232        <activity android:name="com.xiaopo.flying.poiphoto.ui.PickActivity" />
232-->[com.flying.xiaopo:poiphoto:0.4.2] AndroidManifest.xml:15:9-79
232-->[com.flying.xiaopo:poiphoto:0.4.2] AndroidManifest.xml:15:19-76
233        <activity
233-->[pub.devrel:easypermissions:3.0.0] AndroidManifest.xml:12:9-16:66
234            android:name="pub.devrel.easypermissions.AppSettingsDialogHolderActivity"
234-->[pub.devrel:easypermissions:3.0.0] AndroidManifest.xml:13:13-86
235            android:exported="false"
235-->[pub.devrel:easypermissions:3.0.0] AndroidManifest.xml:14:13-37
236            android:label=""
236-->[pub.devrel:easypermissions:3.0.0] AndroidManifest.xml:15:13-29
237            android:theme="@style/EasyPermissions.Transparent" />
237-->[pub.devrel:easypermissions:3.0.0] AndroidManifest.xml:16:13-63
238
239        <service
239-->[com.google.firebase:firebase-database:19.7.0] AndroidManifest.xml:29:9-35:19
240            android:name="com.google.firebase.components.ComponentDiscoveryService"
240-->[com.google.firebase:firebase-database:19.7.0] AndroidManifest.xml:30:13-84
241            android:directBootAware="true"
241-->[com.google.firebase:firebase-common:19.5.0] AndroidManifest.xml:35:13-43
242            android:exported="false" >
242-->[com.google.firebase:firebase-database:19.7.0] AndroidManifest.xml:31:13-37
243            <meta-data
243-->[com.google.firebase:firebase-database:19.7.0] AndroidManifest.xml:32:13-34:85
244                android:name="com.google.firebase.components:com.google.firebase.database.DatabaseRegistrar"
244-->[com.google.firebase:firebase-database:19.7.0] AndroidManifest.xml:33:17-109
245                android:value="com.google.firebase.components.ComponentRegistrar" />
245-->[com.google.firebase:firebase-database:19.7.0] AndroidManifest.xml:34:17-82
246            <meta-data
246-->[com.google.firebase:firebase-messaging:21.0.1] AndroidManifest.xml:39:13-41:85
247                android:name="com.google.firebase.components:com.google.firebase.messaging.FirebaseMessagingRegistrar"
247-->[com.google.firebase:firebase-messaging:21.0.1] AndroidManifest.xml:40:17-119
248                android:value="com.google.firebase.components.ComponentRegistrar" />
248-->[com.google.firebase:firebase-messaging:21.0.1] AndroidManifest.xml:41:17-82
249            <meta-data
249-->[com.google.firebase:firebase-iid:21.0.1] AndroidManifest.xml:32:13-34:85
250                android:name="com.google.firebase.components:com.google.firebase.iid.Registrar"
250-->[com.google.firebase:firebase-iid:21.0.1] AndroidManifest.xml:33:17-96
251                android:value="com.google.firebase.components.ComponentRegistrar" />
251-->[com.google.firebase:firebase-iid:21.0.1] AndroidManifest.xml:34:17-82
252            <meta-data
252-->[com.google.firebase:firebase-installations:16.3.5] AndroidManifest.xml:18:13-20:85
253                android:name="com.google.firebase.components:com.google.firebase.installations.FirebaseInstallationsRegistrar"
253-->[com.google.firebase:firebase-installations:16.3.5] AndroidManifest.xml:19:17-127
254                android:value="com.google.firebase.components.ComponentRegistrar" />
254-->[com.google.firebase:firebase-installations:16.3.5] AndroidManifest.xml:20:17-82
255            <meta-data
255-->[com.google.firebase:firebase-datatransport:17.0.10] AndroidManifest.xml:28:13-30:85
256                android:name="com.google.firebase.components:com.google.firebase.datatransport.TransportRegistrar"
256-->[com.google.firebase:firebase-datatransport:17.0.10] AndroidManifest.xml:29:17-115
257                android:value="com.google.firebase.components.ComponentRegistrar" />
257-->[com.google.firebase:firebase-datatransport:17.0.10] AndroidManifest.xml:30:17-82
258            <!--
259                This registrar is not defined in the dynamic-module-support sdk itself to allow non-firebase
260                clients to use it as well, by defining this registrar in their own core/common library.
261            -->
262            <meta-data
262-->[com.google.firebase:firebase-common:19.5.0] AndroidManifest.xml:43:13-45:85
263                android:name="com.google.firebase.components:com.google.firebase.dynamicloading.DynamicLoadingRegistrar"
263-->[com.google.firebase:firebase-common:19.5.0] AndroidManifest.xml:44:17-121
264                android:value="com.google.firebase.components.ComponentRegistrar" />
264-->[com.google.firebase:firebase-common:19.5.0] AndroidManifest.xml:45:17-82
265        </service>
266        <!--
267             FirebaseMessagingService performs security checks at runtime,
268             but set to not exported to explicitly avoid allowing another app to call it.
269        -->
270        <service
270-->[com.google.firebase:firebase-messaging:21.0.1] AndroidManifest.xml:28:9-35:19
271            android:name="com.google.firebase.messaging.FirebaseMessagingService"
271-->[com.google.firebase:firebase-messaging:21.0.1] AndroidManifest.xml:29:13-82
272            android:directBootAware="true"
272-->[com.google.firebase:firebase-messaging:21.0.1] AndroidManifest.xml:30:13-43
273            android:exported="false" >
273-->[com.google.firebase:firebase-messaging:21.0.1] AndroidManifest.xml:31:13-37
274            <intent-filter android:priority="-500" >
274-->[com.google.firebase:firebase-messaging:21.0.1] AndroidManifest.xml:32:13-34:29
274-->[com.google.firebase:firebase-messaging:21.0.1] AndroidManifest.xml:32:28-51
275                <action android:name="com.google.firebase.MESSAGING_EVENT" />
275-->[com.google.firebase:firebase-messaging:21.0.1] AndroidManifest.xml:33:17-78
275-->[com.google.firebase:firebase-messaging:21.0.1] AndroidManifest.xml:33:25-75
276            </intent-filter>
277        </service>
278
279        <receiver
279-->[com.google.firebase:firebase-iid:21.0.1] AndroidManifest.xml:37:9-44:20
280            android:name="com.google.firebase.iid.FirebaseInstanceIdReceiver"
280-->[com.google.firebase:firebase-iid:21.0.1] AndroidManifest.xml:38:13-78
281            android:exported="true"
281-->[com.google.firebase:firebase-iid:21.0.1] AndroidManifest.xml:39:13-36
282            android:permission="com.google.android.c2dm.permission.SEND" >
282-->[com.google.firebase:firebase-iid:21.0.1] AndroidManifest.xml:40:13-73
283            <intent-filter>